<?xml version="1.0" encoding="UTF-8"?>
<beans xmlns="http://www.springframework.org/schema/beans"
       xmlns:xsi="http://www.w3.org/2001/XMLSchema-instance"
       xsi:schemaLocation="http://www.springframework.org/schema/beans
        http://www.springframework.org/schema/beans/spring-beans.xsd">
    <bean id="hrSystemFacade" class="pl.com.bottega.documentmanagement.acceptance.mock.MockHRSystemFacade"></bean>
    <bean id="mailingFacade" class="pl.com.bottega.documentmanagement.acceptance.mock.MockMailingFacade"></bean>
    <bean id="printingSystemFacade" class="pl.com.bottega.documentmanagement.acceptance.mock.MockPrintingSystemFacade"></bean>
</beans>